Using pre-set license
Built from '2020.3/staging' branch; Version is '2020.3.14f1 (d0d1bb862f9d) revision 13685179'; Using compiler version '192528614'; Build Type 'Release'
OS: 'Windows 10 Home Single Language; OS build 22000.100; Version 2009; 64bit' Language: 'en' Physical Memory: 8044 MB
BatchMode: 1, IsHumanControllingUs: 0, StartBugReporterOnCrash: 0, Is64bit: 1, IsPro: 0

 COMMAND LINE ARGUMENTS:
C:\Program Files\Unity\Hub\Editor\2020.3.14f1\Editor\Unity.exe
-adb2
-batchMode
-noUpm
-name
AssetImportWorker0
-projectPath
C:/Users/rostw/Desktop/ARapp
-logFile
Logs/AssetImportWorker0.log
-srvPort
59386
Successfully changed project path to: C:/Users/rostw/Desktop/ARapp
C:/Users/rostw/Desktop/ARapp
Using Asset Import Pipeline V2.
Refreshing native plugins compatible for Editor in 34.22 ms, found 2 plugins.
Preloading 0 native plugins for Editor in 0.00 ms.
Initialize engine version: 2020.3.14f1 (d0d1bb862f9d)
[Subsystems] Discovering subsystems at path C:/Program Files/Unity/Hub/Editor/2020.3.14f1/Editor/Data/Resources/UnitySubsystems
[Subsystems] Discovering subsystems at path C:/Users/rostw/Desktop/ARapp/Assets
GfxDevice: creating device client; threaded=0
Direct3D:
    Version:  Direct3D 11.0 [level 11.1]
    Renderer: NVIDIA GeForce GTX 1650 (ID=0x1f91)
    Vendor:   
    VRAM:     3962 MB
    Driver:   30.0.14.7141
Initialize mono
Mono path[0] = 'C:/Program Files/Unity/Hub/Editor/2020.3.14f1/Editor/Data/Managed'
Mono path[1] = 'C:/Program Files/Unity/Hub/Editor/2020.3.14f1/Editor/Data/MonoBleedingEdge/lib/mono/unityjit'
Mono config path = 'C:/Program Files/Unity/Hub/Editor/2020.3.14f1/Editor/Data/MonoBleedingEdge/etc'
Using monoOptions --debugger-agent=transport=dt_socket,embedding=1,server=y,suspend=n,address=127.0.0.1:56940
Begin MonoManager ReloadAssembly
Registering precompiled unity dll's ...
Register platform support module: C:/Program Files/Unity/Hub/Editor/2020.3.14f1/Editor/Data/PlaybackEngines/WindowsStandaloneSupport/UnityEditor.WindowsStandalone.Extensions.dll
Registered in 0.001221 seconds.
Native extension for WindowsStandalone target not found
Refreshing native plugins compatible for Editor in 30.07 ms, found 2 plugins.
Preloading 0 native plugins for Editor in 0.00 ms.
Mono: successfully reloaded assembly
- Completed reload, in  1.438 seconds
Domain Reload Profiling:
	ReloadAssembly (1439ms)
		BeginReloadAssembly (45ms)
			ExecutionOrderSort (0ms)
			DisableScriptedObjects (0ms)
			BackupInstance (0ms)
			ReleaseScriptingObjects (0ms)
			CreateAndSetChildDomain (1ms)
		EndReloadAssembly (376ms)
			LoadAssemblies (43ms)
			RebuildTransferFunctionScriptingTraits (0ms)
			SetupTypeCache (145ms)
			ReleaseScriptCaches (0ms)
			RebuildScriptCaches (29ms)
			SetupLoadedEditorAssemblies (140ms)
				LogAssemblyErrors (0ms)
				InitializePlatformSupportModulesInManaged (3ms)
				SetLoadedEditorAssemblies (0ms)
				RefreshPlugins (30ms)
				BeforeProcessingInitializeOnLoad (9ms)
				ProcessInitializeOnLoadAttributes (72ms)
				ProcessInitializeOnLoadMethodAttributes (25ms)
				AfterProcessingInitializeOnLoad (0ms)
				EditorAssembliesLoaded (0ms)
			ExecutionOrderSort2 (0ms)
			AwakeInstancesAfterBackupRestoration (0ms)
Platform modules already initialized, skipping
Registering precompiled user dll's ...
Registered in 0.005041 seconds.
Begin MonoManager ReloadAssembly
Native extension for WindowsStandalone target not found
Refreshing native plugins compatible for Editor in 0.49 ms, found 2 plugins.
Preloading 0 native plugins for Editor in 0.00 ms.
Mono: successfully reloaded assembly
- Completed reload, in  1.032 seconds
Domain Reload Profiling:
	ReloadAssembly (1032ms)
		BeginReloadAssembly (133ms)
			ExecutionOrderSort (0ms)
			DisableScriptedObjects (4ms)
			BackupInstance (0ms)
			ReleaseScriptingObjects (0ms)
			CreateAndSetChildDomain (19ms)
		EndReloadAssembly (844ms)
			LoadAssemblies (79ms)
			RebuildTransferFunctionScriptingTraits (0ms)
			SetupTypeCache (273ms)
			ReleaseScriptCaches (0ms)
			RebuildScriptCaches (43ms)
			SetupLoadedEditorAssemblies (342ms)
				LogAssemblyErrors (0ms)
				InitializePlatformSupportModulesInManaged (4ms)
				SetLoadedEditorAssemblies (1ms)
				RefreshPlugins (1ms)
				BeforeProcessingInitializeOnLoad (100ms)
				ProcessInitializeOnLoadAttributes (227ms)
				ProcessInitializeOnLoadMethodAttributes (5ms)
				AfterProcessingInitializeOnLoad (4ms)
				EditorAssembliesLoaded (0ms)
			ExecutionOrderSort2 (0ms)
			AwakeInstancesAfterBackupRestoration (8ms)
Platform modules already initialized, skipping
========================================================================
Worker process is ready to serve import requests
Launched and connected shader compiler UnityShaderCompiler.exe after 0.03 seconds
Refreshing native plugins compatible for Editor in 0.44 ms, found 2 plugins.
Preloading 0 native plugins for Editor in 0.00 ms.
Unloading 1983 Unused Serialized files (Serialized files now loaded: 0)
System memory in use before: 84.0 MB.
System memory in use after: 84.0 MB.

Unloading 32 unused Assets to reduce memory usage. Loaded Objects now: 2416.
Total: 2.397400 ms (FindLiveObjects: 0.181100 ms CreateObjectMapping: 0.062000 ms MarkObjects: 2.082300 ms  DeleteObjects: 0.071200 ms)

AssetImportParameters requested are different than current active one (requested -> active):
  custom:framework-win-MediaFoundation: 216162199b28c13a410421893ffa2e32 -> 
  custom:video-decoder-ogg-theora: a1e56fd34408186e4bbccfd4996cb3dc -> 
  custom:container-muxer-webm: aa71ff27fc2769a1b78a27578f13a17b -> 
  custom:container-demuxer-webm: 4f35f7cbe854078d1ac9338744f61a02 -> 
  custom:container-demuxer-ogg: 62fdf1f143b41e24485cea50d1cbac27 -> 
  custom:video-encoder-webm-vp8: eb34c28f22e8b96e1ab97ce403110664 -> 
  custom:video-codec-MediaFoundation-h265: 746d11721c4dcdbdad8f713fa42b33f4 -> 
  custom:video-decoder-webm-vp8: 9c59270c3fd7afecdb556c50c9e8de78 -> 
  custom:audio-decoder-ogg-vorbis: bf7c407c2cedff20999df2af8eb42d56 -> 
  custom:audio-encoder-webm-vorbis: bf7c407c2cedff20999df2af8eb42d56 -> 
========================================================================
Received Import Request.
  path: Assets
  artifactKey: Guid(00000000000000001000000000000000) Importer(815301076,1909f56bfc062723c751e8b465ee728b)
Start importing Assets using Guid(00000000000000001000000000000000) Importer(815301076,1909f56bfc062723c751e8b465ee728b)  -> (artifact id: '42d402b061de3733987d63b9cc3b64de') in 0.008667 seconds 
  Import took 0.011751 seconds .

========================================================================
Received Import Request.
  Time since last request: 115.187709 seconds.
  path: Assets/Samples/ARCore Extensions/1.25.0/Cloud Anchor Sample/Textures/introduction.png
  artifactKey: Guid(951c3242986014f1393059fbbb975da6) Importer(815301076,1909f56bfc062723c751e8b465ee728b)
Start importing Assets/Samples/ARCore Extensions/1.25.0/Cloud Anchor Sample/Textures/introduction.png using Guid(951c3242986014f1393059fbbb975da6) Importer(815301076,1909f56bfc062723c751e8b465ee728b)  -> (artifact id: '271e9daa21c3150bfa8863e1d5aaa59f') in 0.160595 seconds 
  Import took 0.164713 seconds .

========================================================================
Received Import Request.
  Time since last request: 3.366737 seconds.
  path: Assets/Samples/ARCore Extensions/1.25.0/Cloud Anchor Sample/Textures/circle.png
  artifactKey: Guid(b3bc1c32ce2284758a917d938d8c3693) Importer(815301076,1909f56bfc062723c751e8b465ee728b)
Start importing Assets/Samples/ARCore Extensions/1.25.0/Cloud Anchor Sample/Textures/circle.png using Guid(b3bc1c32ce2284758a917d938d8c3693) Importer(815301076,1909f56bfc062723c751e8b465ee728b)  -> (artifact id: 'e5101215f4e829bebc4b51e55126cf4d') in 0.022537 seconds 
  Import took 0.026065 seconds .

========================================================================
Received Import Request.
  Time since last request: 0.621404 seconds.
  path: Assets/Samples/ARCore Extensions/1.25.0/Cloud Anchor Sample/Textures/background.png
  artifactKey: Guid(7e4bbed556ee84045b3749eccd0bd046) Importer(815301076,1909f56bfc062723c751e8b465ee728b)
Start importing Assets/Samples/ARCore Extensions/1.25.0/Cloud Anchor Sample/Textures/background.png using Guid(7e4bbed556ee84045b3749eccd0bd046) Importer(815301076,1909f56bfc062723c751e8b465ee728b)  -> (artifact id: 'acb948ca4510ecc4c9e00dcbcc7e4d9f') in 0.048572 seconds 
  Import took 0.051650 seconds .

========================================================================
Received Import Request.
  Time since last request: 77.432576 seconds.
  path: Assets/Samples/ARCore Extensions/1.25.0/Cloud Anchor Sample/Configurations
  artifactKey: Guid(2dafe45c306694c598e112a24d2b20cf) Importer(815301076,1909f56bfc062723c751e8b465ee728b)
Start importing Assets/Samples/ARCore Extensions/1.25.0/Cloud Anchor Sample/Configurations using Guid(2dafe45c306694c598e112a24d2b20cf) Importer(815301076,1909f56bfc062723c751e8b465ee728b)  -> (artifact id: 'b1e385033ab97d555561e87191da7a34') in 0.008084 seconds 
  Import took 0.011085 seconds .

========================================================================
Received Import Request.
  Time since last request: 1.692226 seconds.
  path: Assets/Samples/ARCore Extensions/1.25.0/Cloud Anchor Sample/Materials
  artifactKey: Guid(cc27628628b8a41569b3fd26b4b53290) Importer(815301076,1909f56bfc062723c751e8b465ee728b)
Start importing Assets/Samples/ARCore Extensions/1.25.0/Cloud Anchor Sample/Materials using Guid(cc27628628b8a41569b3fd26b4b53290) Importer(815301076,1909f56bfc062723c751e8b465ee728b)  -> (artifact id: '55953516ec4bd6a778da9a22899a3631') in 0.008903 seconds 
  Import took 0.012883 seconds .

========================================================================
Received Import Request.
  Time since last request: 1.672214 seconds.
  path: Assets/Samples/ARCore Extensions/1.25.0/Cloud Anchor Sample/Materials/StarDiffuse.png
  artifactKey: Guid(ce5ebecd4d7a345df86f06d5730f1156) Importer(815301076,1909f56bfc062723c751e8b465ee728b)
Start importing Assets/Samples/ARCore Extensions/1.25.0/Cloud Anchor Sample/Materials/StarDiffuse.png using Guid(ce5ebecd4d7a345df86f06d5730f1156) Importer(815301076,1909f56bfc062723c751e8b465ee728b)  -> (artifact id: '9050dac5fc47c0a5b8e47deb9c2ecd2e') in 0.036555 seconds 
  Import took 0.039509 seconds .

========================================================================
Received Import Request.
  Time since last request: 3.965813 seconds.
  path: Assets/Samples/ARCore Extensions/1.25.0/Cloud Anchor Sample/Models
  artifactKey: Guid(362d24f10831142e58889a6800a4e14e) Importer(815301076,1909f56bfc062723c751e8b465ee728b)
Start importing Assets/Samples/ARCore Extensions/1.25.0/Cloud Anchor Sample/Models using Guid(362d24f10831142e58889a6800a4e14e) Importer(815301076,1909f56bfc062723c751e8b465ee728b)  -> (artifact id: '452d2690a2bb45410da9301385d5520e') in 0.009633 seconds 
  Import took 0.014588 seconds .

========================================================================
Received Import Request.
  Time since last request: 33.259289 seconds.
  path: Assets/Samples/ARCore Extensions/1.25.0/Persistent Cloud Anchor Sample/Scripts/PersistentCloudAnchorsController.cs
  artifactKey: Guid(a70ff91d5da2d48aeac8559ac4287500) Importer(815301076,1909f56bfc062723c751e8b465ee728b)
Start importing Assets/Samples/ARCore Extensions/1.25.0/Persistent Cloud Anchor Sample/Scripts/PersistentCloudAnchorsController.cs using Guid(a70ff91d5da2d48aeac8559ac4287500) Importer(815301076,1909f56bfc062723c751e8b465ee728b)  -> (artifact id: 'eee3789f9285a3f449b552a01fafce90') in 0.013451 seconds 
  Import took 0.017205 seconds .

========================================================================
Received Prepare
Registering precompiled user dll's ...
Registered in 0.005660 seconds.
Begin MonoManager ReloadAssembly
Native extension for WindowsStandalone target not found
Refreshing native plugins compatible for Editor in 0.45 ms, found 2 plugins.
Preloading 0 native plugins for Editor in 0.00 ms.
Mono: successfully reloaded assembly
- Completed reload, in  1.105 seconds
Domain Reload Profiling:
	ReloadAssembly (1106ms)
		BeginReloadAssembly (112ms)
			ExecutionOrderSort (0ms)
			DisableScriptedObjects (4ms)
			BackupInstance (0ms)
			ReleaseScriptingObjects (0ms)
			CreateAndSetChildDomain (37ms)
		EndReloadAssembly (932ms)
			LoadAssemblies (81ms)
			RebuildTransferFunctionScriptingTraits (0ms)
			SetupTypeCache (342ms)
			ReleaseScriptCaches (1ms)
			RebuildScriptCaches (52ms)
			SetupLoadedEditorAssemblies (340ms)
				LogAssemblyErrors (0ms)
				InitializePlatformSupportModulesInManaged (4ms)
				SetLoadedEditorAssemblies (0ms)
				RefreshPlugins (0ms)
				BeforeProcessingInitializeOnLoad (90ms)
				ProcessInitializeOnLoadAttributes (234ms)
				ProcessInitializeOnLoadMethodAttributes (7ms)
				AfterProcessingInitializeOnLoad (4ms)
				EditorAssembliesLoaded (0ms)
			ExecutionOrderSort2 (0ms)
			AwakeInstancesAfterBackupRestoration (7ms)
Platform modules already initialized, skipping
Switching build target platform(19) subTarget(0) extendedPlatform(0) -> platform(13) subTarget(524288) extendedPlatform(0)
Refreshing native plugins compatible for Editor in 0.44 ms, found 2 plugins.
Preloading 0 native plugins for Editor in 0.00 ms.
Unloading 1976 Unused Serialized files (Serialized files now loaded: 0)
System memory in use before: 86.5 MB.
System memory in use after: 86.6 MB.

Unloading 27 unused Assets to reduce memory usage. Loaded Objects now: 2430.
Total: 2.403900 ms (FindLiveObjects: 0.202300 ms CreateObjectMapping: 0.059800 ms MarkObjects: 2.092400 ms  DeleteObjects: 0.048400 ms)

AssetImportParameters requested are different than current active one (requested -> active):
  custom:framework-win-MediaFoundation: 216162199b28c13a410421893ffa2e32 -> 
  custom:video-decoder-ogg-theora: a1e56fd34408186e4bbccfd4996cb3dc -> 
  custom:container-muxer-webm: aa71ff27fc2769a1b78a27578f13a17b -> 
  custom:container-demuxer-webm: 4f35f7cbe854078d1ac9338744f61a02 -> 
  custom:container-demuxer-ogg: 62fdf1f143b41e24485cea50d1cbac27 -> 
  custom:video-encoder-webm-vp8: eb34c28f22e8b96e1ab97ce403110664 -> 
  custom:video-codec-MediaFoundation-h265: 746d11721c4dcdbdad8f713fa42b33f4 -> 
  custom:video-decoder-webm-vp8: 9c59270c3fd7afecdb556c50c9e8de78 -> 
  custom:graphics/normal-map-encoding: 01000000000000000000000000000000 -> 02000000000000000000000000000000
  custom:audio-decoder-ogg-vorbis: bf7c407c2cedff20999df2af8eb42d56 -> 
  custom:audio-encoder-webm-vorbis: bf7c407c2cedff20999df2af8eb42d56 -> 
========================================================================
Received Import Request.
  Time since last request: 251.773933 seconds.
  path: Assets/Samples/ARCore Extensions/1.25.0/Persistent Cloud Anchor Sample/Scenes/PersistentCloudAnchors.unity
  artifactKey: Guid(a1cbde3cab63248f4bbf8d8ad6586754) Importer(815301076,1909f56bfc062723c751e8b465ee728b)
Start importing Assets/Samples/ARCore Extensions/1.25.0/Persistent Cloud Anchor Sample/Scenes/PersistentCloudAnchors.unity using Guid(a1cbde3cab63248f4bbf8d8ad6586754) Importer(815301076,1909f56bfc062723c751e8b465ee728b)  -> (artifact id: '706f9c87a1d81ab310256f7703f31bab') in 0.019903 seconds 
  Import took 0.025209 seconds .

========================================================================
Received Prepare
Refreshing native plugins compatible for Editor in 4.00 ms, found 2 plugins.
Preloading 0 native plugins for Editor in 0.00 ms.
Unloading 24 Unused Serialized files (Serialized files now loaded: 0)
System memory in use before: 47.8 MB.
System memory in use after: 47.9 MB.

Unloading 24 unused Assets to reduce memory usage. Loaded Objects now: 2430.
Total: 3.210400 ms (FindLiveObjects: 0.218600 ms CreateObjectMapping: 0.061100 ms MarkObjects: 2.887100 ms  DeleteObjects: 0.042300 ms)

AssetImportParameters requested are different than current active one (requested -> active):
  custom:framework-win-MediaFoundation: 216162199b28c13a410421893ffa2e32 -> 
  custom:video-decoder-ogg-theora: a1e56fd34408186e4bbccfd4996cb3dc -> 
  custom:container-muxer-webm: aa71ff27fc2769a1b78a27578f13a17b -> 
  custom:container-demuxer-webm: 4f35f7cbe854078d1ac9338744f61a02 -> 
  custom:container-demuxer-ogg: 62fdf1f143b41e24485cea50d1cbac27 -> 
  custom:video-encoder-webm-vp8: eb34c28f22e8b96e1ab97ce403110664 -> 
  custom:video-codec-MediaFoundation-h265: 746d11721c4dcdbdad8f713fa42b33f4 -> 
  custom:video-decoder-webm-vp8: 9c59270c3fd7afecdb556c50c9e8de78 -> 
  custom:audio-decoder-ogg-vorbis: bf7c407c2cedff20999df2af8eb42d56 -> 
  custom:audio-encoder-webm-vorbis: bf7c407c2cedff20999df2af8eb42d56 -> 
AssetImportWorkerClient::OnTransportError - code=2 error=End of file
